[19:42:15] [Server thread/INFO]: Loading properties
[19:42:15] [Server thread/INFO]: This server is running CraftBukkit version git-Spigot-ea7e48b-368f4e9 (MC: 1.14.4) (Implementing API version 1.14.4-R0.1-SNAPSHOT)
[19:42:15] [Server thread/INFO]: Debug logging is disabled
[19:42:15] [Server thread/INFO]: Server Ping Player Sample Count: 12
[19:42:15] [Server thread/INFO]: Using 4 threads for Netty based IO
[19:42:15] [Server thread/INFO]: Default game type: SURVIVAL
[19:42:15] [Server thread/INFO]: Generating keypair
[19:42:15] [Server thread/INFO]: Starting Minecraft server on *:25565
[19:42:16] [Server thread/INFO]: Using default channel type
[19:42:21] [Server thread/WARN]: Plugin SetSpawn v2.1 does not specify an api-version.
[19:42:21] [Server thread/WARN]: Plugin RaspberryJuice v1.7 does not specify an api-version.
[19:42:21] [Server thread/INFO]: [SetSpawn] Loading SetSpawn v2.1
[19:42:21] [Server thread/INFO]: [RaspberryJuice] Loading RaspberryJuice v1.7
[19:42:21] [Server thread/INFO]: Preparing level "world"
[19:42:21] [Server thread/INFO]: Reloading ResourceManager: Default, bukkit
[19:42:21] [Server thread/INFO]: Loaded 6 recipes
[19:42:22] [Server thread/INFO]: -------- World Settings For [world] --------
[19:42:22] [Server thread/INFO]: View Distance: 10
[19:42:22] [Server thread/INFO]: Allow Zombie Pigmen to spawn from portal blocks: true
[19:42:22] [Server thread/INFO]: Item Despawn Rate: 6000
[19:42:22] [Server thread/INFO]: Item Merge Radius: 2.5
[19:42:22] [Server thread/INFO]: Arrow Despawn Rate: 1200
[19:42:22] [Server thread/INFO]: Mob Spawn Range: 4
[19:42:22] [Server thread/INFO]: Experience Merge Radius: 3.0
[19:42:22] [Server thread/INFO]: Cactus Growth Modifier: 100%
[19:42:22] [Server thread/INFO]: Cane Growth Modifier: 100%
[19:42:22] [Server thread/INFO]: Melon Growth Modifier: 100%
[19:42:22] [Server thread/INFO]: Mushroom Growth Modifier: 100%
[19:42:22] [Server thread/INFO]: Pumpkin Growth Modifier: 100%
[19:42:22] [Server thread/INFO]: Sapling Growth Modifier: 100%
[19:42:22] [Server thread/INFO]: Beetroot Growth Modifier: 100%
[19:42:22] [Server thread/INFO]: Carrot Growth Modifier: 100%
[19:42:22] [Server thread/INFO]: Potato Growth Modifier: 100%
[19:42:22] [Server thread/INFO]: Wheat Growth Modifier: 100%
[19:42:22] [Server thread/INFO]: NetherWart Growth Modifier: 100%
[19:42:22] [Server thread/INFO]: Vine Growth Modifier: 100%
[19:42:22] [Server thread/INFO]: Cocoa Growth Modifier: 100%
[19:42:22] [Server thread/INFO]: Bamboo Growth Modifier: 100%
[19:42:22] [Server thread/INFO]: SweetBerry Growth Modifier: 100%
[19:42:22] [Server thread/INFO]: Kelp Growth Modifier: 100%
[19:42:22] [Server thread/INFO]: Entity Activation Range: An 32 / Mo 32 / Ra 48 / Mi 16 / Tiv true
[19:42:22] [Server thread/INFO]: Hopper Transfer: 8 Hopper Check: 1 Hopper Amount: 1
[19:42:22] [Server thread/INFO]: Tile Max Tick Time: 50ms Entity max Tick Time: 50ms
[19:42:22] [Server thread/INFO]: Entity Tracking Range: Pl 48 / An 48 / Mo 48 / Mi 32 / Other 64
[19:42:22] [Server thread/INFO]: Max TNT Explosions: 100
[19:42:22] [Server thread/INFO]: Zombie Aggressive Towards Villager: true
[19:42:22] [Server thread/INFO]: Nerfing mobs spawned from spawners: false
[19:42:22] [Server thread/INFO]: Custom Map Seeds:  Village: 10387312 Desert: 14357617 Igloo: 14357618 Jungle: 14357619 Swamp: 14357620 Monument: 10387313Ocean: 14357621 Shipwreck: 165745295 Slime: 987234911
[19:42:23] [Server thread/INFO]: -------- World Settings For [world_nether] --------
[19:42:23] [Server thread/INFO]: View Distance: 10
[19:42:23] [Server thread/INFO]: Allow Zombie Pigmen to spawn from portal blocks: true
[19:42:23] [Server thread/INFO]: Item Despawn Rate: 6000
[19:42:23] [Server thread/INFO]: Item Merge Radius: 2.5
[19:42:23] [Server thread/INFO]: Arrow Despawn Rate: 1200
[19:42:23] [Server thread/INFO]: Mob Spawn Range: 4
[19:42:23] [Server thread/INFO]: Experience Merge Radius: 3.0
[19:42:23] [Server thread/INFO]: Cactus Growth Modifier: 100%
[19:42:23] [Server thread/INFO]: Cane Growth Modifier: 100%
[19:42:23] [Server thread/INFO]: Melon Growth Modifier: 100%
[19:42:23] [Server thread/INFO]: Mushroom Growth Modifier: 100%
[19:42:23] [Server thread/INFO]: Pumpkin Growth Modifier: 100%
[19:42:23] [Server thread/INFO]: Sapling Growth Modifier: 100%
[19:42:23] [Server thread/INFO]: Beetroot Growth Modifier: 100%
[19:42:23] [Server thread/INFO]: Carrot Growth Modifier: 100%
[19:42:23] [Server thread/INFO]: Potato Growth Modifier: 100%
[19:42:23] [Server thread/INFO]: Wheat Growth Modifier: 100%
[19:42:23] [Server thread/INFO]: NetherWart Growth Modifier: 100%
[19:42:23] [Server thread/INFO]: Vine Growth Modifier: 100%
[19:42:23] [Server thread/INFO]: Cocoa Growth Modifier: 100%
[19:42:23] [Server thread/INFO]: Bamboo Growth Modifier: 100%
[19:42:23] [Server thread/INFO]: SweetBerry Growth Modifier: 100%
[19:42:23] [Server thread/INFO]: Kelp Growth Modifier: 100%
[19:42:23] [Server thread/INFO]: Entity Activation Range: An 32 / Mo 32 / Ra 48 / Mi 16 / Tiv true
[19:42:23] [Server thread/INFO]: Hopper Transfer: 8 Hopper Check: 1 Hopper Amount: 1
[19:42:23] [Server thread/INFO]: Tile Max Tick Time: 50ms Entity max Tick Time: 50ms
[19:42:23] [Server thread/INFO]: Entity Tracking Range: Pl 48 / An 48 / Mo 48 / Mi 32 / Other 64
[19:42:23] [Server thread/INFO]: Max TNT Explosions: 100
[19:42:23] [Server thread/INFO]: Zombie Aggressive Towards Villager: true
[19:42:23] [Server thread/INFO]: Nerfing mobs spawned from spawners: false
[19:42:23] [Server thread/INFO]: Custom Map Seeds:  Village: 10387312 Desert: 14357617 Igloo: 14357618 Jungle: 14357619 Swamp: 14357620 Monument: 10387313Ocean: 14357621 Shipwreck: 165745295 Slime: 987234911
[19:42:23] [Server thread/INFO]: -------- World Settings For [world_the_end] --------
[19:42:23] [Server thread/INFO]: View Distance: 10
[19:42:23] [Server thread/INFO]: Allow Zombie Pigmen to spawn from portal blocks: true
[19:42:23] [Server thread/INFO]: Item Despawn Rate: 6000
[19:42:23] [Server thread/INFO]: Item Merge Radius: 2.5
[19:42:23] [Server thread/INFO]: Arrow Despawn Rate: 1200
[19:42:23] [Server thread/INFO]: Mob Spawn Range: 4
[19:42:23] [Server thread/INFO]: Experience Merge Radius: 3.0
[19:42:23] [Server thread/INFO]: Cactus Growth Modifier: 100%
[19:42:23] [Server thread/INFO]: Cane Growth Modifier: 100%
[19:42:23] [Server thread/INFO]: Melon Growth Modifier: 100%
[19:42:23] [Server thread/INFO]: Mushroom Growth Modifier: 100%
[19:42:23] [Server thread/INFO]: Pumpkin Growth Modifier: 100%
[19:42:23] [Server thread/INFO]: Sapling Growth Modifier: 100%
[19:42:23] [Server thread/INFO]: Beetroot Growth Modifier: 100%
[19:42:23] [Server thread/INFO]: Carrot Growth Modifier: 100%
[19:42:23] [Server thread/INFO]: Potato Growth Modifier: 100%
[19:42:23] [Server thread/INFO]: Wheat Growth Modifier: 100%
[19:42:23] [Server thread/INFO]: NetherWart Growth Modifier: 100%
[19:42:23] [Server thread/INFO]: Vine Growth Modifier: 100%
[19:42:23] [Server thread/INFO]: Cocoa Growth Modifier: 100%
[19:42:23] [Server thread/INFO]: Bamboo Growth Modifier: 100%
[19:42:23] [Server thread/INFO]: SweetBerry Growth Modifier: 100%
[19:42:23] [Server thread/INFO]: Kelp Growth Modifier: 100%
[19:42:23] [Server thread/INFO]: Entity Activation Range: An 32 / Mo 32 / Ra 48 / Mi 16 / Tiv true
[19:42:23] [Server thread/INFO]: Hopper Transfer: 8 Hopper Check: 1 Hopper Amount: 1
[19:42:23] [Server thread/INFO]: Tile Max Tick Time: 50ms Entity max Tick Time: 50ms
[19:42:23] [Server thread/INFO]: Entity Tracking Range: Pl 48 / An 48 / Mo 48 / Mi 32 / Other 64
[19:42:23] [Server thread/INFO]: Max TNT Explosions: 100
[19:42:23] [Server thread/INFO]: Zombie Aggressive Towards Villager: true
[19:42:23] [Server thread/INFO]: Nerfing mobs spawned from spawners: false
[19:42:23] [Server thread/INFO]: Custom Map Seeds:  Village: 10387312 Desert: 14357617 Igloo: 14357618 Jungle: 14357619 Swamp: 14357620 Monument: 10387313Ocean: 14357621 Shipwreck: 165745295 Slime: 987234911
[19:42:23] [Server thread/INFO]: Preparing start region for dimension 'world'/minecraft:overworld
[19:42:23] [Server thread/INFO]: Preparing spawn area: 0%
[19:42:23] [Server thread/INFO]: Preparing spawn area: 0%
[19:42:24] [Server thread/INFO]: Preparing spawn area: 17%
[19:42:25] [Server-Worker-4/INFO]: Preparing spawn area: 83%
[19:42:25] [Server-Worker-5/INFO]: Preparing spawn area: 83%
[19:42:25] [Server-Worker-5/INFO]: Preparing spawn area: 83%
[19:42:26] [Server-Worker-5/INFO]: Preparing spawn area: 99%
[19:42:26] [Server thread/INFO]: Time elapsed: 3402 ms
[19:42:26] [Server thread/INFO]: Preparing start region for dimension 'world_nether'/minecraft:the_nether
[19:42:27] [Server thread/INFO]: Preparing spawn area: 0%
[19:42:27] [Server thread/INFO]: Preparing spawn area: 0%
[19:42:27] [Server-Worker-3/INFO]: Preparing spawn area: 83%
[19:42:27] [Server-Worker-3/INFO]: Preparing spawn area: 83%
[19:42:28] [Server thread/INFO]: Preparing spawn area: 88%
[19:42:28] [Server thread/INFO]: Time elapsed: 2201 ms
[19:42:28] [Server thread/INFO]: Preparing start region for dimension 'world_the_end'/minecraft:the_end
[19:42:29] [Server thread/INFO]: Preparing spawn area: 0%
[19:42:29] [Server-Worker-3/INFO]: Preparing spawn area: 83%
[19:42:29] [Server-Worker-2/INFO]: Preparing spawn area: 98%
[19:42:29] [Server thread/INFO]: Time elapsed: 1005 ms
[19:42:29] [Server thread/INFO]: [SetSpawn] Enabling SetSpawn v2.1
[19:42:29] [Server thread/INFO]: [RaspberryJuice] Enabling RaspberryJuice v1.7
[19:42:29] [Server thread/INFO]: [RaspberryJuice] ThreadListener Started
[19:42:29] [Server thread/INFO]: Server permissions file permissions.yml is empty, ignoring it
[19:42:29] [Server thread/INFO]: Done (8.149s)! For help, type "help"
[19:59:25] [User Authenticator #1/INFO]: UUID of player Kubasinska is 4da59902-2756-4e77-9328-d465eebafa73
[19:59:25] [Server thread/INFO]: Kubasinska[/127.0.0.1:58080] logged in with entity id 165 at ([world]-119.5, 63.0, 149.5)
[20:01:50] [Thread-7/INFO]: [RaspberryJuice] Opened connection to/127.0.0.1:58393.
[20:01:50] [Thread-9/INFO]: [RaspberryJuice] Starting output thread!
[20:01:50] [Thread-8/INFO]: [RaspberryJuice] Starting input thread
[20:03:28] [Thread-7/INFO]: [RaspberryJuice] Opened connection to/127.0.0.1:58625.
[20:03:28] [Thread-10/INFO]: [RaspberryJuice] Starting input thread
[20:03:28] [Thread-11/INFO]: [RaspberryJuice] Starting output thread!
